[FQL] Q-table loaded from simulation (exploitation mode)
[DQN] Starting with random weights
[TCP] Waiting for Pico WH on port 5000 ...

============================================================
  Aquaculture N3IWF Real Server
============================================================
  Dashboard  : http://127.0.1.1:8080
  TCP Port   : 5000 (Pico WH)
  Mode       : REAL (data dari Pico)
  RB         : ✅
  FQL        : ✅
  DQN        : ✅
  CSV Log    : /home/ubuntu/thesis/results/n3iwf_real/n3iwf_real_log.csv
============================================================

 * Serving Flask app 'server'
 * Debug mode: off
WARNING: This is a development server. Do not use it in a production deployment. Use a production WSGI server instead.
 * Running on all addresses (0.0.0.0)
 * Running on http://127.0.0.1:8080
 * Running on http://127.0.0.1:8080
Press CTRL+C to quit
