[2026-05-25 22:00:26] [INFO] Folder sesi baru dibuat: /home/ubuntu/thesis/results/hasil_real/session_20260525_220026
[2026-05-25 22:00:26] [INFO] PHASE B — FQL learning risk prediction from real Pico data...
[2026-05-25 22:00:45] [INFO] [RB][Step:   10] pH:7.664 T:25.0°C NH₃:2.55% | Risk: Actual=CAUTION RB=CAUTION FQL=WARNING  | Acc:0.00% Buffer:10
[2026-05-25 22:01:05] [INFO] [RB][Step:   20] pH:7.709 T:25.0°C NH₃:2.82% | Risk: Actual=CAUTION RB=CAUTION FQL=CAUTION  | Acc:0.00% Buffer:20
[2026-05-25 22:01:25] [INFO] [RB][Step:   30] pH:7.658 T:25.0°C NH₃:2.52% | Risk: Actual=CAUTION RB=CAUTION FQL=CAUTION  | Acc:0.00% Buffer:30
[2026-05-25 22:01:46] [INFO] [RB][Step:   40] pH:7.658 T:25.0°C NH₃:2.52% | Risk: Actual=CAUTION RB=CAUTION FQL=CAUTION  | Acc:0.00% Buffer:40
[2026-05-25 22:02:06] [INFO] [RB][Step:   50] pH:7.697 T:25.0°C NH₃:2.74% | Risk: Actual=CAUTION RB=CAUTION FQL=CAUTION  | Acc:0.00% Buffer:50
[2026-05-25 22:02:26] [INFO] [RB][Step:   60] pH:7.703 T:25.0°C NH₃:2.78% | Risk: Actual=CAUTION RB=CAUTION FQL=CAUTION  | Acc:0.00% Buffer:60
[2026-05-25 22:02:46] [INFO] [RB][Step:   70] pH:7.697 T:25.0°C NH₃:2.74% | Risk: Actual=CAUTION RB=CAUTION FQL=CAUTION  | Acc:0.00% Buffer:70
[2026-05-25 22:03:06] [INFO] [RB][Step:   80] pH:7.703 T:25.0°C NH₃:2.78% | Risk: Actual=CAUTION RB=CAUTION FQL=CAUTION  | Acc:0.00% Buffer:80
[2026-05-25 22:03:26] [INFO] [RB][Step:   90] pH:7.703 T:25.0°C NH₃:2.78% | Risk: Actual=CAUTION RB=CAUTION FQL=CAUTION  | Acc:0.00% Buffer:90
[2026-05-25 22:03:46] [INFO]   Convergence progress: steps 5% | windows 20% | accuracy 100%
[2026-05-25 22:03:46] [INFO] ========================================================
  FQL Risk Prediction Map (5x5)
                VCold  Cold   Opt    Hot    VHot 
  ------------------------------------------
  VeryAcid:  SAFE  SAFE  SAFE  SAFE  SAFE
  Acidic  :  SAFE  SAFE  SAFE  SAFE  SAFE
  Normal  :  SAFE  SAFE  CAUT  CAUT  CAUT
  Alkaline:  WARN  WARN  CAUT  CRIT  CRIT
  VeryAlk :  CRIT  CRIT  CRIT  CRIT  CRIT
========================================================
[2026-05-25 22:03:46] [INFO] [RB][Step:  100] pH:7.692 T:25.0°C NH₃:2.71% | Risk: Actual=CAUTION RB=CAUTION FQL=CAUTION  | Acc:80.00% Buffer:100
[2026-05-25 22:03:46] [INFO] -----------------------------------------------------------------
[2026-05-25 22:03:46] [INFO] [RB] Real steps: 100 | FQL steps: 100 | Avg Accuracy: 80.00% | Converged: False | DQN Buffer: 100
[2026-05-25 22:03:46] [INFO] -----------------------------------------------------------------
[2026-05-25 22:04:06] [INFO] [RB][Step:  110] pH:7.709 T:25.0°C NH₃:2.82% | Risk: Actual=CAUTION RB=CAUTION FQL=CRITICAL  | Acc:80.00% Buffer:110
[2026-05-25 22:04:26] [INFO] [RB][Step:  120] pH:7.709 T:25.0°C NH₃:2.82% | Risk: Actual=CAUTION RB=CAUTION FQL=CAUTION  | Acc:80.00% Buffer:120
[2026-05-25 22:04:46] [INFO] [RB][Step:  130] pH:7.709 T:25.0°C NH₃:2.82% | Risk: Actual=CAUTION RB=CAUTION FQL=CAUTION  | Acc:80.00% Buffer:130
[2026-05-25 22:05:06] [INFO] [RB][Step:  140] pH:7.709 T:25.0°C NH₃:2.82% | Risk: Actual=CAUTION RB=CAUTION FQL=CAUTION  | Acc:80.00% Buffer:140
[2026-05-25 22:05:26] [INFO] [RB][Step:  150] pH:7.720 T:25.0°C NH₃:2.89% | Risk: Actual=CAUTION RB=CAUTION FQL=CRITICAL  | Acc:80.00% Buffer:150
[2026-05-25 22:05:46] [INFO] [RB][Step:  160] pH:7.703 T:25.0°C NH₃:2.78% | Risk: Actual=CAUTION RB=CAUTION FQL=CAUTION  | Acc:80.00% Buffer:160
[2026-05-25 22:06:06] [INFO] [RB][Step:  170] pH:7.669 T:25.0°C NH₃:2.58% | Risk: Actual=CAUTION RB=CAUTION FQL=CAUTION  | Acc:80.00% Buffer:170
[2026-05-25 22:06:27] [INFO] [RB][Step:  180] pH:7.664 T:25.0°C NH₃:2.55% | Risk: Actual=CAUTION RB=CAUTION FQL=SAFE  | Acc:80.00% Buffer:180
[2026-05-25 22:06:47] [INFO] [RB][Step:  190] pH:7.653 T:25.0°C NH₃:2.49% | Risk: Actual=CAUTION RB=CAUTION FQL=CAUTION  | Acc:80.00% Buffer:190
[2026-05-25 22:07:07] [INFO]   Convergence progress: steps 10% | windows 40% | accuracy 100%
[2026-05-25 22:07:07] [INFO] ========================================================
  FQL Risk Prediction Map (5x5)
                VCold  Cold   Opt    Hot    VHot 
  ------------------------------------------
  VeryAcid:  SAFE  SAFE  SAFE  SAFE  SAFE
  Acidic  :  SAFE  SAFE  SAFE  SAFE  SAFE
  Normal  :  SAFE  SAFE  CAUT  CAUT  CAUT
  Alkaline:  WARN  WARN  CAUT  CRIT  CRIT
  VeryAlk :  CRIT  CRIT  CRIT  CRIT  CRIT
========================================================
[2026-05-25 22:07:07] [INFO] [RB][Step:  200] pH:7.642 T:25.0°C NH₃:2.43% | Risk: Actual=CAUTION RB=CAUTION FQL=WARNING  | Acc:76.00% Buffer:200
[2026-05-25 22:07:07] [INFO] -----------------------------------------------------------------
[2026-05-25 22:07:07] [INFO] [RB] Real steps: 200 | FQL steps: 200 | Avg Accuracy: 76.00% | Converged: False | DQN Buffer: 200
[2026-05-25 22:07:07] [INFO] -----------------------------------------------------------------
[2026-05-25 22:07:27] [INFO] [RB][Step:  210] pH:7.658 T:25.0°C NH₃:2.52% | Risk: Actual=CAUTION RB=CAUTION FQL=CAUTION  | Acc:76.00% Buffer:210
[2026-05-25 22:07:47] [INFO] [RB][Step:  220] pH:7.669 T:25.0°C NH₃:2.58% | Risk: Actual=CAUTION RB=CAUTION FQL=CAUTION  | Acc:76.00% Buffer:220
[2026-05-25 22:08:07] [INFO] [RB][Step:  230] pH:7.686 T:25.0°C NH₃:2.68% | Risk: Actual=CAUTION RB=CAUTION FQL=CAUTION  | Acc:76.00% Buffer:230
[2026-05-25 22:08:27] [INFO] [RB][Step:  240] pH:7.697 T:25.0°C NH₃:2.74% | Risk: Actual=CAUTION RB=CAUTION FQL=CAUTION  | Acc:76.00% Buffer:240
[2026-05-25 22:08:37] [INFO] System stopping — saving data...
[2026-05-25 22:08:37] [INFO] Q-table saved: /home/ubuntu/thesis/results/hasil_real/session_20260525_220026/qtable.json
[2026-05-25 22:08:37] [INFO] DQN buffer saved: /home/ubuntu/thesis/results/hasil_real/session_20260525_220026/dqn_buffer.json (245 transitions)
[2026-05-25 22:08:37] [INFO] System stopped — data saved.
[2026-05-25 22:08:37] [INFO] Sistem berhenti total.
