[2026-05-25 21:44:23] [INFO] Folder sesi baru dibuat: /home/ubuntu/thesis/results/hasil_real/session_20260525_214423
[2026-05-25 21:44:23] [INFO] PHASE B — FQL learning risk prediction from real Pico data...
[2026-05-25 21:44:42] [INFO] [RB][Step:   10] pH:7.474 T:24.8°C NH₃:1.64% | Risk: Actual=CAUTION RB=CAUTION FQL=CAUTION  | Acc:0.00% Buffer:10
[2026-05-25 21:45:02] [INFO] [RB][Step:   20] pH:7.496 T:24.8°C NH₃:1.72% | Risk: Actual=CAUTION RB=CAUTION FQL=CAUTION  | Acc:0.00% Buffer:20
[2026-05-25 21:45:22] [INFO] [RB][Step:   30] pH:7.485 T:24.8°C NH₃:1.68% | Risk: Actual=CAUTION RB=CAUTION FQL=CAUTION  | Acc:0.00% Buffer:30
[2026-05-25 21:45:42] [INFO] [RB][Step:   40] pH:7.452 T:24.8°C NH₃:1.56% | Risk: Actual=CAUTION RB=CAUTION FQL=CAUTION  | Acc:0.00% Buffer:40
[2026-05-25 21:46:02] [INFO] [RB][Step:   50] pH:7.424 T:24.8°C NH₃:1.46% | Risk: Actual=CAUTION RB=CAUTION FQL=CAUTION  | Acc:0.00% Buffer:50
[2026-05-25 21:46:22] [INFO] [RB][Step:   60] pH:7.440 T:24.8°C NH₃:1.52% | Risk: Actual=CAUTION RB=CAUTION FQL=CAUTION  | Acc:0.00% Buffer:60
[2026-05-25 21:46:42] [INFO] [RB][Step:   70] pH:7.446 T:24.8°C NH₃:1.54% | Risk: Actual=CAUTION RB=CAUTION FQL=CAUTION  | Acc:0.00% Buffer:70
[2026-05-25 21:47:02] [INFO] [RB][Step:   80] pH:7.474 T:24.8°C NH₃:1.64% | Risk: Actual=CAUTION RB=CAUTION FQL=SAFE  | Acc:0.00% Buffer:80
[2026-05-25 21:47:22] [INFO] [RB][Step:   90] pH:7.502 T:24.8°C NH₃:1.74% | Risk: Actual=CAUTION RB=CAUTION FQL=CAUTION  | Acc:0.00% Buffer:90
[2026-05-25 21:47:42] [INFO]   Convergence progress: steps 5% | windows 20% | accuracy 100%
[2026-05-25 21:47:42] [INFO] ========================================================
  FQL Risk Prediction Map (5x5)
                VCold  Cold   Opt    Hot    VHot 
  ------------------------------------------
  VeryAcid:  SAFE  SAFE  SAFE  SAFE  SAFE
  Acidic  :  SAFE  SAFE  SAFE  SAFE  SAFE
  Normal  :  SAFE  SAFE  CAUT  CAUT  CAUT
  Alkaline:  WARN  WARN  CRIT  CRIT  CRIT
  VeryAlk :  CRIT  CRIT  CRIT  CRIT  CRIT
========================================================
[2026-05-25 21:47:42] [INFO] [RB][Step:  100] pH:7.480 T:24.8°C NH₃:1.66% | Risk: Actual=CAUTION RB=CAUTION FQL=CRITICAL  | Acc:75.00% Buffer:100
[2026-05-25 21:47:42] [INFO] -----------------------------------------------------------------
[2026-05-25 21:47:42] [INFO] [RB] Real steps: 100 | FQL steps: 100 | Avg Accuracy: 75.00% | Converged: False | DQN Buffer: 100
[2026-05-25 21:47:42] [INFO] -----------------------------------------------------------------
[2026-05-25 21:48:02] [INFO] [RB][Step:  110] pH:7.435 T:24.8°C NH₃:1.50% | Risk: Actual=CAUTION RB=CAUTION FQL=CRITICAL  | Acc:75.00% Buffer:110
[2026-05-25 21:48:22] [INFO] [RB][Step:  120] pH:7.474 T:24.8°C NH₃:1.64% | Risk: Actual=CAUTION RB=CAUTION FQL=CAUTION  | Acc:75.00% Buffer:120
[2026-05-25 21:48:42] [INFO] [RB][Step:  130] pH:7.480 T:24.8°C NH₃:1.65% | Risk: Actual=CAUTION RB=CAUTION FQL=CRITICAL  | Acc:75.00% Buffer:130
[2026-05-25 21:49:02] [INFO] [RB][Step:  140] pH:7.491 T:24.8°C NH₃:1.70% | Risk: Actual=CAUTION RB=CAUTION FQL=CAUTION  | Acc:75.00% Buffer:140
[2026-05-25 21:49:22] [INFO] [RB][Step:  150] pH:7.474 T:24.8°C NH₃:1.63% | Risk: Actual=CAUTION RB=CAUTION FQL=SAFE  | Acc:75.00% Buffer:150
[2026-05-25 21:49:42] [INFO] [RB][Step:  160] pH:7.424 T:24.8°C NH₃:1.46% | Risk: Actual=CAUTION RB=CAUTION FQL=CAUTION  | Acc:75.00% Buffer:160
[2026-05-25 21:50:02] [INFO] [RB][Step:  170] pH:7.440 T:24.8°C NH₃:1.51% | Risk: Actual=CAUTION RB=CAUTION FQL=WARNING  | Acc:75.00% Buffer:170
[2026-05-25 21:50:22] [INFO] [RB][Step:  180] pH:7.502 T:24.8°C NH₃:1.74% | Risk: Actual=CAUTION RB=CAUTION FQL=CAUTION  | Acc:75.00% Buffer:180
[2026-05-25 21:50:42] [INFO] [RB][Step:  190] pH:7.547 T:24.8°C NH₃:1.93% | Risk: Actual=CAUTION RB=CAUTION FQL=CAUTION  | Acc:75.00% Buffer:190
[2026-05-25 21:50:44] [INFO] System stopping — saving data...
[2026-05-25 21:50:44] [INFO] Q-table saved: /home/ubuntu/thesis/results/hasil_real/session_20260525_214423/qtable.json
[2026-05-25 21:50:44] [INFO] DQN buffer saved: /home/ubuntu/thesis/results/hasil_real/session_20260525_214423/dqn_buffer.json (190 transitions)
[2026-05-25 21:50:44] [INFO] System stopped — data saved.
[2026-05-25 21:50:44] [INFO] Sistem berhenti total.
