[2026-05-25 21:36:27] [INFO] Folder sesi baru dibuat: /home/ubuntu/thesis/results/hasil_real/session_20260525_213627
[2026-05-25 21:36:27] [INFO] PHASE B — FQL learning risk prediction from real Pico data...
[2026-05-25 21:36:47] [INFO] [RB][Step:   10] pH:7.530 T:0.0°C NH₃:0.28% | Risk: Actual=SAFE RB=SAFE FQL=SAFE  | Acc:0.00% Buffer:10
[2026-05-25 21:37:07] [INFO] [RB][Step:   20] pH:7.720 T:0.0°C NH₃:0.43% | Risk: Actual=SAFE RB=SAFE FQL=WARNING  | Acc:0.00% Buffer:20
[2026-05-25 21:37:27] [INFO] [RB][Step:   30] pH:7.675 T:0.0°C NH₃:0.39% | Risk: Actual=SAFE RB=SAFE FQL=SAFE  | Acc:0.00% Buffer:30
[2026-05-25 21:37:47] [INFO] [RB][Step:   40] pH:7.630 T:0.0°C NH₃:0.35% | Risk: Actual=SAFE RB=SAFE FQL=CAUTION  | Acc:0.00% Buffer:40
[2026-05-25 21:38:08] [INFO] [RB][Step:   50] pH:7.664 T:0.0°C NH₃:0.38% | Risk: Actual=SAFE RB=SAFE FQL=SAFE  | Acc:0.00% Buffer:50
[2026-05-25 21:38:28] [INFO] [RB][Step:   60] pH:7.686 T:0.0°C NH₃:0.40% | Risk: Actual=SAFE RB=SAFE FQL=SAFE  | Acc:0.00% Buffer:60
[2026-05-25 21:38:48] [INFO] [RB][Step:   70] pH:7.625 T:0.0°C NH₃:0.35% | Risk: Actual=SAFE RB=SAFE FQL=SAFE  | Acc:0.00% Buffer:70
[2026-05-25 21:39:08] [INFO] [RB][Step:   80] pH:7.379 T:0.0°C NH₃:0.20% | Risk: Actual=SAFE RB=SAFE FQL=SAFE  | Acc:0.00% Buffer:80
[2026-05-25 21:39:28] [INFO] [RB][Step:   90] pH:7.569 T:0.0°C NH₃:0.30% | Risk: Actual=SAFE RB=SAFE FQL=SAFE  | Acc:0.00% Buffer:90
[2026-05-25 21:39:48] [INFO]   Convergence progress: steps 5% | windows 20% | accuracy 100%
[2026-05-25 21:39:48] [INFO] ========================================================
  FQL Risk Prediction Map (5x5)
                VCold  Cold   Opt    Hot    VHot 
  ------------------------------------------
  VeryAcid:  SAFE  SAFE  SAFE  SAFE  SAFE
  Acidic  :  SAFE  SAFE  SAFE  SAFE  SAFE
  Normal  :  SAFE  SAFE  CAUT  CAUT  CAUT
  Alkaline:  WARN  WARN  CRIT  CRIT  CRIT
  VeryAlk :  CRIT  CRIT  CRIT  CRIT  CRIT
========================================================
[2026-05-25 21:39:48] [INFO] [RB][Step:  100] pH:7.675 T:25.1°C NH₃:2.63% | Risk: Actual=CAUTION RB=CAUTION FQL=CRITICAL  | Acc:83.00% Buffer:100
[2026-05-25 21:39:48] [INFO] -----------------------------------------------------------------
[2026-05-25 21:39:48] [INFO] [RB] Real steps: 100 | FQL steps: 100 | Avg Accuracy: 83.00% | Converged: False | DQN Buffer: 100
[2026-05-25 21:39:48] [INFO] -----------------------------------------------------------------
[2026-05-25 21:40:08] [INFO] [RB][Step:  110] pH:7.128 T:25.1°C NH₃:0.76% | Risk: Actual=SAFE RB=SAFE FQL=CAUTION  | Acc:83.00% Buffer:110
[2026-05-25 21:40:28] [INFO] [RB][Step:  120] pH:7.150 T:24.8°C NH₃:0.78% | Risk: Actual=SAFE RB=SAFE FQL=CAUTION  | Acc:83.00% Buffer:120
[2026-05-25 21:40:48] [INFO] [RB][Step:  130] pH:7.105 T:24.8°C NH₃:0.71% | Risk: Actual=SAFE RB=SAFE FQL=SAFE  | Acc:83.00% Buffer:130
[2026-05-25 21:41:08] [INFO] [RB][Step:  140] pH:7.144 T:24.8°C NH₃:0.77% | Risk: Actual=SAFE RB=SAFE FQL=SAFE  | Acc:83.00% Buffer:140
[2026-05-25 21:41:38] [WARNING] [DISCONNECT] No data received for 30s - Pico WH assumed disconnected. Returning to Phase A...
[2026-05-25 21:41:38] [INFO] =================================================================
[2026-05-25 21:41:38] [INFO] PICO DISCONNECTED - Resetting all learning states (session #2)
[2026-05-25 21:41:38] [INFO] Reason: Pico WH might be moved to a different location/pond.
[2026-05-25 21:41:38] [INFO] =================================================================
[2026-05-25 21:41:38] [INFO] PHASE A - Waiting for Pico WH connection... (session #2)
