[2026-05-25 11:43:36] [INFO] Folder sesi baru dibuat: /home/ubuntu/thesis/results/hasil_real/session_20260525_114336
[2026-05-25 11:43:36] [INFO] PHASE B — FQL learning risk prediction from real Pico data...
[2026-05-25 11:43:55] [INFO] [RB][Step:   10] pH:7.653 T:0.0°C NH₃:0.37% | Risk: Actual=SAFE RB=SAFE FQL=CRITICAL  | Acc:0.00% Buffer:10
[2026-05-25 11:44:15] [INFO] [RB][Step:   20] pH:7.591 T:0.0°C NH₃:0.32% | Risk: Actual=SAFE RB=SAFE FQL=WARNING  | Acc:0.00% Buffer:20
[2026-05-25 11:44:35] [INFO] [RB][Step:   30] pH:7.602 T:0.0°C NH₃:0.33% | Risk: Actual=SAFE RB=SAFE FQL=SAFE  | Acc:0.00% Buffer:30
[2026-05-25 11:44:55] [INFO] [RB][Step:   40] pH:7.619 T:0.0°C NH₃:0.34% | Risk: Actual=SAFE RB=SAFE FQL=CRITICAL  | Acc:0.00% Buffer:40
[2026-05-25 11:45:15] [INFO] [RB][Step:   50] pH:7.636 T:0.0°C NH₃:0.35% | Risk: Actual=SAFE RB=SAFE FQL=SAFE  | Acc:0.00% Buffer:50
[2026-05-25 11:45:35] [INFO] [RB][Step:   60] pH:7.647 T:0.0°C NH₃:0.36% | Risk: Actual=SAFE RB=SAFE FQL=SAFE  | Acc:0.00% Buffer:60
[2026-05-25 11:45:55] [INFO] [RB][Step:   70] pH:7.636 T:0.0°C NH₃:0.35% | Risk: Actual=SAFE RB=SAFE FQL=SAFE  | Acc:0.00% Buffer:70
[2026-05-25 11:46:15] [INFO] [RB][Step:   80] pH:7.602 T:0.0°C NH₃:0.33% | Risk: Actual=SAFE RB=SAFE FQL=CAUTION  | Acc:0.00% Buffer:80
[2026-05-25 11:46:35] [INFO] [RB][Step:   90] pH:5.111 T:0.0°C NH₃:0.00% | Risk: Actual=SAFE RB=SAFE FQL=SAFE  | Acc:0.00% Buffer:90
[2026-05-25 11:46:55] [INFO]   Convergence progress: steps 5% | windows 20% | accuracy 100%
[2026-05-25 11:46:55] [INFO] ========================================================
  FQL Risk Prediction Map (5x5)
                VCold  Cold   Opt    Hot    VHot 
  ------------------------------------------
  VeryAcid:  SAFE  SAFE  SAFE  SAFE  SAFE
  Acidic  :  SAFE  SAFE  SAFE  SAFE  SAFE
  Normal  :  SAFE  SAFE  CAUT  CAUT  CAUT
  Alkaline:  WARN  WARN  CRIT  CRIT  CRIT
  VeryAlk :  CRIT  CRIT  CRIT  CRIT  CRIT
========================================================
[2026-05-25 11:46:55] [INFO] [RB][Step:  100] pH:7.647 T:0.0°C NH₃:0.36% | Risk: Actual=SAFE RB=SAFE FQL=SAFE  | Acc:77.00% Buffer:100
[2026-05-25 11:46:55] [INFO] -----------------------------------------------------------------
[2026-05-25 11:46:55] [INFO] [RB] Real steps: 100 | FQL steps: 100 | Avg Accuracy: 77.00% | Converged: False | DQN Buffer: 100
[2026-05-25 11:46:55] [INFO] -----------------------------------------------------------------
[2026-05-25 11:47:07] [INFO] System stopping — saving data...
[2026-05-25 11:47:07] [INFO] Q-table saved: /home/ubuntu/thesis/results/hasil_real/session_20260525_114336/qtable.json
[2026-05-25 11:47:07] [INFO] DQN buffer saved: /home/ubuntu/thesis/results/hasil_real/session_20260525_114336/dqn_buffer.json (106 transitions)
[2026-05-25 11:47:07] [INFO] System stopped — data saved.
[2026-05-25 11:47:07] [INFO] Sistem berhenti total.
