[2026-05-25 21:53:17] [INFO] Folder sesi baru dibuat: /home/ubuntu/thesis/results/hasil_real/session_20260525_215317
[2026-05-25 21:53:17] [INFO] PHASE B — FQL learning risk prediction from real Pico data...
[2026-05-25 21:53:36] [INFO] [RB][Step:   10] pH:7.647 T:25.0°C NH₃:2.45% | Risk: Actual=CAUTION RB=CAUTION FQL=CAUTION  | Acc:0.00% Buffer:10
[2026-05-25 21:53:56] [INFO] [RB][Step:   20] pH:7.709 T:25.0°C NH₃:2.82% | Risk: Actual=CAUTION RB=CAUTION FQL=CRITICAL  | Acc:0.00% Buffer:20
[2026-05-25 21:54:17] [INFO] [RB][Step:   30] pH:7.720 T:25.0°C NH₃:2.89% | Risk: Actual=CAUTION RB=CAUTION FQL=CAUTION  | Acc:0.00% Buffer:30
[2026-05-25 21:54:37] [INFO] [RB][Step:   40] pH:7.681 T:25.0°C NH₃:2.65% | Risk: Actual=CAUTION RB=CAUTION FQL=CAUTION  | Acc:0.00% Buffer:40
[2026-05-25 21:54:57] [INFO] [RB][Step:   50] pH:7.703 T:25.0°C NH₃:2.78% | Risk: Actual=CAUTION RB=CAUTION FQL=SAFE  | Acc:0.00% Buffer:50
[2026-05-25 21:55:17] [INFO] [RB][Step:   60] pH:7.686 T:25.0°C NH₃:2.68% | Risk: Actual=CAUTION RB=CAUTION FQL=CAUTION  | Acc:0.00% Buffer:60
[2026-05-25 21:55:37] [INFO] [RB][Step:   70] pH:7.686 T:25.0°C NH₃:2.68% | Risk: Actual=CAUTION RB=CAUTION FQL=CAUTION  | Acc:0.00% Buffer:70
[2026-05-25 21:55:57] [INFO] [RB][Step:   80] pH:7.647 T:25.0°C NH₃:2.45% | Risk: Actual=CAUTION RB=CAUTION FQL=CAUTION  | Acc:0.00% Buffer:80
[2026-05-25 21:56:17] [INFO] [RB][Step:   90] pH:7.686 T:25.0°C NH₃:2.68% | Risk: Actual=CAUTION RB=CAUTION FQL=CAUTION  | Acc:0.00% Buffer:90
[2026-05-25 21:56:37] [INFO]   Convergence progress: steps 5% | windows 20% | accuracy 100%
[2026-05-25 21:56:37] [INFO] ========================================================
  FQL Risk Prediction Map (5x5)
                VCold  Cold   Opt    Hot    VHot 
  ------------------------------------------
  VeryAcid:  SAFE  SAFE  SAFE  SAFE  SAFE
  Acidic  :  SAFE  SAFE  SAFE  SAFE  SAFE
  Normal  :  SAFE  SAFE  CAUT  CAUT  CAUT
  Alkaline:  WARN  WARN  CAUT  CRIT  CRIT
  VeryAlk :  CRIT  CRIT  CRIT  CRIT  CRIT
========================================================
[2026-05-25 21:56:37] [INFO] [RB][Step:  100] pH:7.686 T:25.0°C NH₃:2.68% | Risk: Actual=CAUTION RB=CAUTION FQL=CRITICAL  | Acc:80.00% Buffer:100
[2026-05-25 21:56:37] [INFO] -----------------------------------------------------------------
[2026-05-25 21:56:37] [INFO] [RB] Real steps: 100 | FQL steps: 100 | Avg Accuracy: 80.00% | Converged: False | DQN Buffer: 100
[2026-05-25 21:56:37] [INFO] -----------------------------------------------------------------
[2026-05-25 21:56:57] [INFO] [RB][Step:  110] pH:7.658 T:25.0°C NH₃:2.52% | Risk: Actual=CAUTION RB=CAUTION FQL=CAUTION  | Acc:80.00% Buffer:110
[2026-05-25 21:57:17] [INFO] [RB][Step:  120] pH:7.653 T:25.0°C NH₃:2.49% | Risk: Actual=CAUTION RB=CAUTION FQL=CAUTION  | Acc:80.00% Buffer:120
[2026-05-25 21:57:37] [INFO] [RB][Step:  130] pH:7.686 T:25.0°C NH₃:2.68% | Risk: Actual=CAUTION RB=CAUTION FQL=CAUTION  | Acc:80.00% Buffer:130
[2026-05-25 21:57:57] [INFO] [RB][Step:  140] pH:7.709 T:25.0°C NH₃:2.82% | Risk: Actual=CAUTION RB=CAUTION FQL=CAUTION  | Acc:80.00% Buffer:140
[2026-05-25 21:58:17] [INFO] [RB][Step:  150] pH:7.686 T:25.0°C NH₃:2.68% | Risk: Actual=CAUTION RB=CAUTION FQL=CAUTION  | Acc:80.00% Buffer:150
[2026-05-25 21:58:37] [INFO] [RB][Step:  160] pH:7.675 T:25.0°C NH₃:2.61% | Risk: Actual=CAUTION RB=CAUTION FQL=WARNING  | Acc:80.00% Buffer:160
[2026-05-25 21:58:57] [INFO] [RB][Step:  170] pH:7.658 T:25.0°C NH₃:2.52% | Risk: Actual=CAUTION RB=CAUTION FQL=CAUTION  | Acc:80.00% Buffer:170
[2026-05-25 21:59:05] [INFO] System stopping — saving data...
[2026-05-25 21:59:05] [INFO] Q-table saved: /home/ubuntu/thesis/results/hasil_real/session_20260525_215317/qtable.json
[2026-05-25 21:59:05] [INFO] DQN buffer saved: /home/ubuntu/thesis/results/hasil_real/session_20260525_215317/dqn_buffer.json (173 transitions)
[2026-05-25 21:59:05] [INFO] System stopped — data saved.
[2026-05-25 21:59:05] [INFO] Sistem berhenti total.
